$EDK_PATH/Build/MdeModule/DEBUG_GCC5/X64/MdeModulePkg/Universal/Acpi/BootScriptExecutorDxe/BootScriptExecutorDxe/OUTPUT/BootScriptExecutorDxe.lib
$EDK_PATH/Build/MdeModule/DEBUG_GCC5/X64/MdePkg/Library/RegisterFilterLibNull/RegisterFilterLibNull/OUTPUT/FilterLibNull.lib
$EDK_PATH/Build/MdeModule/DEBUG_GCC5/X64/MdePkg/Library/BaseDebugLibNull/BaseDebugLibNull/OUTPUT/BaseDebugLibNull.lib
$EDK_PATH/Build/MdeModule/DEBUG_GCC5/X64/MdePkg/Library/BaseLib/BaseLib/OUTPUT/BaseLib.lib
$EDK_PATH/Build/MdeModule/DEBUG_GCC5/X64/MdePkg/Library/BaseMemoryLib/BaseMemoryLib/OUTPUT/BaseMemoryLib.lib
$EDK_PATH/Build/MdeModule/DEBUG_GCC5/X64/MdePkg/Library/BasePcdLibNull/BasePcdLibNull/OUTPUT/BasePcdLibNull.lib
$EDK_PATH/Build/MdeModule/DEBUG_GCC5/X64/MdePkg/Library/UefiBootServicesTableLib/UefiBootServicesTableLib/OUTPUT/UefiBootServicesTableLib.lib
$EDK_PATH/Build/MdeModule/DEBUG_GCC5/X64/MdePkg/Library/BaseIoLibIntrinsic/BaseIoLibIntrinsic/OUTPUT/BaseIoLibIntrinsic.lib
$EDK_PATH/Build/MdeModule/DEBUG_GCC5/X64/MdePkg/Library/BasePrintLib/BasePrintLib/OUTPUT/BasePrintLib.lib
$EDK_PATH/Build/MdeModule/DEBUG_GCC5/X64/MdePkg/Library/UefiMemoryAllocationLib/UefiMemoryAllocationLib/OUTPUT/UefiMemoryAllocationLib.lib
$EDK_PATH/Build/MdeModule/DEBUG_GCC5/X64/MdePkg/Library/BasePciCf8Lib/BasePciCf8Lib/OUTPUT/BasePciCf8Lib.lib
$EDK_PATH/Build/MdeModule/DEBUG_GCC5/X64/MdePkg/Library/UefiRuntimeServicesTableLib/UefiRuntimeServicesTableLib/OUTPUT/UefiRuntimeServicesTableLib.lib
$EDK_PATH/Build/MdeModule/DEBUG_GCC5/X64/MdePkg/Library/UefiDevicePathLib/UefiDevicePathLib/OUTPUT/UefiDevicePathLib.lib
$EDK_PATH/Build/MdeModule/DEBUG_GCC5/X64/MdePkg/Library/BasePciLibCf8/BasePciLibCf8/OUTPUT/BasePciLibCf8.lib
$EDK_PATH/Build/MdeModule/DEBUG_GCC5/X64/MdePkg/Library/UefiLib/UefiLib/OUTPUT/UefiLib.lib
$EDK_PATH/Build/MdeModule/DEBUG_GCC5/X64/MdePkg/Library/BasePciSegmentLibPci/BasePciSegmentLibPci/OUTPUT/BasePciSegmentLibPci.lib
$EDK_PATH/Build/MdeModule/DEBUG_GCC5/X64/MdePkg/Library/DxeSmbusLib/DxeSmbusLib/OUTPUT/DxeSmbusLib.lib
$EDK_PATH/Build/MdeModule/DEBUG_GCC5/X64/MdePkg/Library/BaseTimerLibNullTemplate/BaseTimerLibNullTemplate/OUTPUT/BaseTimerLibNullTemplate.lib
$EDK_PATH/Build/MdeModule/DEBUG_GCC5/X64/MdeModulePkg/Library/SmmLockBoxLib/SmmLockBoxDxeLib/OUTPUT/SmmLockBoxDxeLib.lib
$EDK_PATH/Build/MdeModule/DEBUG_GCC5/X64/MdePkg/Library/BasePeCoffExtraActionLibNull/BasePeCoffExtraActionLibNull/OUTPUT/PeCoffExtraActionLibNull.lib
$EDK_PATH/Build/MdeModule/DEBUG_GCC5/X64/MdePkg/Library/DxeHobLib/DxeHobLib/OUTPUT/DxeHobLib.lib
$EDK_PATH/Build/MdeModule/DEBUG_GCC5/X64/MdePkg/Library/UefiDriverEntryPoint/UefiDriverEntryPoint/OUTPUT/UefiDriverEntryPoint.lib
$EDK_PATH/Build/MdeModule/DEBUG_GCC5/X64/MdeModulePkg/Library/PiDxeS3BootScriptLib/DxeS3BootScriptLib/OUTPUT/DxeS3BootScriptLib.lib
$EDK_PATH/Build/MdeModule/DEBUG_GCC5/X64/MdePkg/Library/BasePeCoffLib/BasePeCoffLib/OUTPUT/BasePeCoffLib.lib
$EDK_PATH/Build/MdeModule/DEBUG_GCC5/X64/MdePkg/Library/DxeServicesLib/DxeServicesLib/OUTPUT/DxeServicesLib.lib
$EDK_PATH/Build/MdeModule/DEBUG_GCC5/X64/MdePkg/Library/BaseCacheMaintenanceLib/BaseCacheMaintenanceLib/OUTPUT/BaseCacheMaintenanceLib.lib
$EDK_PATH/Build/MdeModule/DEBUG_GCC5/X64/MdeModulePkg/Library/DebugAgentLibNull/DebugAgentLibNull/OUTPUT/DebugAgentLibNull.lib
$EDK_PATH/Build/MdeModule/DEBUG_GCC5/X64/MdeModulePkg/Library/CpuExceptionHandlerLibNull/CpuExceptionHandlerLibNull/OUTPUT/CpuExceptionHandlerLibNull.lib
$EDK_PATH/Build/MdeModule/DEBUG_GCC5/X64/MdePkg/Library/DxeServicesTableLib/DxeServicesTableLib/OUTPUT/DxeServicesTableLib.lib