/home/sudmit/work/UEFI-DXE-Modules-for-Security-NVRAM-editing/edk2/Build/MdeModule/DEBUG_GCC5/X64/MdeModulePkg/Universal/Acpi/S3SaveStateDxe/S3SaveStateDxe/OUTPUT/S3SaveStateDxe.lib
/home/sudmit/work/UEFI-DXE-Modules-for-Security-NVRAM-editing/edk2/Build/MdeModule/DEBUG_GCC5/X64/MdePkg/Library/RegisterFilterLibNull/RegisterFilterLibNull/OUTPUT/FilterLibNull.lib
/home/sudmit/work/UEFI-DXE-Modules-for-Security-NVRAM-editing/edk2/Build/MdeModule/DEBUG_GCC5/X64/MdePkg/Library/BaseDebugLibNull/BaseDebugLibNull/OUTPUT/BaseDebugLibNull.lib
/home/sudmit/work/UEFI-DXE-Modules-for-Security-NVRAM-editing/edk2/Build/MdeModule/DEBUG_GCC5/X64/MdePkg/Library/BasePcdLibNull/BasePcdLibNull/OUTPUT/BasePcdLibNull.lib
/home/sudmit/work/UEFI-DXE-Modules-for-Security-NVRAM-editing/edk2/Build/MdeModule/DEBUG_GCC5/X64/MdePkg/Library/BaseLib/BaseLib/OUTPUT/BaseLib.lib
/home/sudmit/work/UEFI-DXE-Modules-for-Security-NVRAM-editing/edk2/Build/MdeModule/DEBUG_GCC5/X64/MdePkg/Library/BaseMemoryLib/BaseMemoryLib/OUTPUT/BaseMemoryLib.lib
/home/sudmit/work/UEFI-DXE-Modules-for-Security-NVRAM-editing/edk2/Build/MdeModule/DEBUG_GCC5/X64/MdePkg/Library/UefiBootServicesTableLib/UefiBootServicesTableLib/OUTPUT/UefiBootServicesTableLib.lib
/home/sudmit/work/UEFI-DXE-Modules-for-Security-NVRAM-editing/edk2/Build/MdeModule/DEBUG_GCC5/X64/MdePkg/Library/BaseIoLibIntrinsic/BaseIoLibIntrinsic/OUTPUT/BaseIoLibIntrinsic.lib
/home/sudmit/work/UEFI-DXE-Modules-for-Security-NVRAM-editing/edk2/Build/MdeModule/DEBUG_GCC5/X64/MdePkg/Library/UefiMemoryAllocationLib/UefiMemoryAllocationLib/OUTPUT/UefiMemoryAllocationLib.lib
/home/sudmit/work/UEFI-DXE-Modules-for-Security-NVRAM-editing/edk2/Build/MdeModule/DEBUG_GCC5/X64/MdePkg/Library/BasePrintLib/BasePrintLib/OUTPUT/BasePrintLib.lib
/home/sudmit/work/UEFI-DXE-Modules-for-Security-NVRAM-editing/edk2/Build/MdeModule/DEBUG_GCC5/X64/MdePkg/Library/BasePciCf8Lib/BasePciCf8Lib/OUTPUT/BasePciCf8Lib.lib
/home/sudmit/work/UEFI-DXE-Modules-for-Security-NVRAM-editing/edk2/Build/MdeModule/DEBUG_GCC5/X64/MdePkg/Library/UefiRuntimeServicesTableLib/UefiRuntimeServicesTableLib/OUTPUT/UefiRuntimeServicesTableLib.lib
/home/sudmit/work/UEFI-DXE-Modules-for-Security-NVRAM-editing/edk2/Build/MdeModule/DEBUG_GCC5/X64/MdePkg/Library/UefiDevicePathLib/UefiDevicePathLib/OUTPUT/UefiDevicePathLib.lib
/home/sudmit/work/UEFI-DXE-Modules-for-Security-NVRAM-editing/edk2/Build/MdeModule/DEBUG_GCC5/X64/MdePkg/Library/BasePciLibCf8/BasePciLibCf8/OUTPUT/BasePciLibCf8.lib
/home/sudmit/work/UEFI-DXE-Modules-for-Security-NVRAM-editing/edk2/Build/MdeModule/DEBUG_GCC5/X64/MdePkg/Library/UefiLib/UefiLib/OUTPUT/UefiLib.lib
/home/sudmit/work/UEFI-DXE-Modules-for-Security-NVRAM-editing/edk2/Build/MdeModule/DEBUG_GCC5/X64/MdePkg/Library/BasePciSegmentLibPci/BasePciSegmentLibPci/OUTPUT/BasePciSegmentLibPci.lib
/home/sudmit/work/UEFI-DXE-Modules-for-Security-NVRAM-editing/edk2/Build/MdeModule/DEBUG_GCC5/X64/MdePkg/Library/DxeSmbusLib/DxeSmbusLib/OUTPUT/DxeSmbusLib.lib
/home/sudmit/work/UEFI-DXE-Modules-for-Security-NVRAM-editing/edk2/Build/MdeModule/DEBUG_GCC5/X64/MdePkg/Library/BaseTimerLibNullTemplate/BaseTimerLibNullTemplate/OUTPUT/BaseTimerLibNullTemplate.lib
/home/sudmit/work/UEFI-DXE-Modules-for-Security-NVRAM-editing/edk2/Build/MdeModule/DEBUG_GCC5/X64/MdeModulePkg/Library/SmmLockBoxLib/SmmLockBoxDxeLib/OUTPUT/SmmLockBoxDxeLib.lib
/home/sudmit/work/UEFI-DXE-Modules-for-Security-NVRAM-editing/edk2/Build/MdeModule/DEBUG_GCC5/X64/MdePkg/Library/UefiDriverEntryPoint/UefiDriverEntryPoint/OUTPUT/UefiDriverEntryPoint.lib
/home/sudmit/work/UEFI-DXE-Modules-for-Security-NVRAM-editing/edk2/Build/MdeModule/DEBUG_GCC5/X64/MdeModulePkg/Library/PiDxeS3BootScriptLib/DxeS3BootScriptLib/OUTPUT/DxeS3BootScriptLib.lib
/home/sudmit/work/UEFI-DXE-Modules-for-Security-NVRAM-editing/edk2/Build/MdeModule/DEBUG_GCC5/X64/MdePkg/Library/DxeHobLib/DxeHobLib/OUTPUT/DxeHobLib.lib